2021.06.08 13:14:31.945 INFO  Model.MyModel - Creating MyModel instance (single-tone)
2021.06.08 13:14:31.952 INFO  Model.MyModel - Starting GenerateMazeServer at port = 5400
2021.06.08 13:14:31.953 INFO  Model.MyModel - Starting SolveMazeServer at port = 5401
2021.06.08 13:14:33.604 INFO  Model.MyModel - Start generating maze, with Rows = 10 and Columns = 10
2021.06.08 13:14:33.605 INFO  Model.MyModel - Generating algorithm = SimpleMazeGenerator
2021.06.08 13:14:33.617 INFO  Model.MyModel - Finish generating maze..
2021.06.08 13:14:34.331 INFO  Model.MyModel - Start solving maze..
2021.06.08 13:14:34.333 INFO  Model.MyModel - Current Solver = DepthFirstSearch
2021.06.08 13:14:34.347 INFO  Model.MyModel - Finish solving maze..
2021.06.08 13:14:35.155 INFO  Model.MyModel - Start generating maze, with Rows = 10 and Columns = 10
2021.06.08 13:14:35.155 INFO  Model.MyModel - Generating algorithm = SimpleMazeGenerator
2021.06.08 13:14:35.158 INFO  Model.MyModel - Finish generating maze..
2021.06.08 13:14:36.694 INFO  Model.MyModel - stop GenerateMazeServer..
2021.06.08 13:14:36.697 INFO  Model.MyModel - stop SolveMazeServer..
2021.06.08 13:17:19.686 INFO  Model.MyModel - Creating MyModel instance (single-tone)
2021.06.08 13:17:19.693 INFO  Model.MyModel - Starting GenerateMazeServer at port = 5400
2021.06.08 13:17:19.693 INFO  Model.MyModel - Starting SolveMazeServer at port = 5401
2021.06.08 13:17:21.389 INFO  Model.MyModel - Start generating maze, with Rows = 10 and Columns = 10
2021.06.08 13:17:21.389 INFO  Model.MyModel - Generating algorithm = SimpleMazeGenerator
2021.06.08 13:17:21.397 INFO  Model.MyModel - Finish generating maze..
2021.06.08 13:17:24.045 INFO  Model.MyModel - stop GenerateMazeServer..
2021.06.08 13:17:24.046 INFO  Model.MyModel - stop SolveMazeServer..
